Drill report for /Users/johnpateman/EDA_Workspace/Projects/Thermocouple_datalogger/Ver_3V3/ThermocoupleLogger.kicad_pcb
Created on Monday, 11 June 2018 at 11:42:52

Copper Layer Stackup:
    =============================================================
    L1 :  F.Cu                      front
    L2 :  B.Cu                      back


Drill file 'ThermocoupleLogger-PTH.drl' contains
    plated through holes:
    =============================================================
    T1  0.40mm  0.016"  (60 holes)
    T2  0.50mm  0.020"  (32 holes)
    T3  0.60mm  0.024"  (7 holes)
    T4  0.70mm  0.028"  (2 holes)  (with 2 slots)
    T5  0.80mm  0.031"  (4 holes)  (with 4 slots)
    T6  0.90mm  0.035"  (3 holes)
    T7  1.00mm  0.039"  (20 holes)
    T8  1.05mm  0.041"  (20 holes)
    T9  1.10mm  0.043"  (8 holes)
    T10  1.50mm  0.059"  (2 holes)
    T11  1.70mm  0.067"  (2 holes)
    T12  2.70mm  0.106"  (4 holes)

    Total plated holes count 164


Drill file 'ThermocoupleLogger-NPTH.drl' contains
    unplated through holes:
    =============================================================
    T1  0.50mm  0.020"  (36 holes)
    T2  1.00mm  0.039"  (2 holes)
    T3  2.50mm  0.098"  (4 holes)

    Total unplated holes count 42
